<?xml version="1.0" encoding="UTF-8"?>
<testsuite xmlns:xsi="http://www.w3.org/2001/XMLSchema-instance" xsi:noNamespaceSchemaLocation="https://maven.apache.org/surefire/maven-surefire-plugin/xsd/surefire-test-report-3.0.xsd" version="3.0" name="tech.coderonin.bnm.senangkira.RoundingTest" time="0.163" tests="10" errors="0" skipped="0" failures="0">
  <properties>
    <property name="java.specification.version" value="17"/>
    <property name="sun.jnu.encoding" value="UTF-8"/>
    <property name="java.class.path" value="/workspaces/bnm_senang_kira/target/test-classes:/workspaces/bnm_senang_kira/target/classes:/home/codespace/.m2/repository/junit/junit/4.13/junit-4.13.jar:/home/codespace/.m2/repository/org/hamcrest/hamcrest-core/1.3/hamcrest-core-1.3.jar:"/>
    <property name="java.vm.vendor" value="Microsoft"/>
    <property name="sun.arch.data.model" value="64"/>
    <property name="java.vendor.url" value="https://www.microsoft.com"/>
    <property name="os.name" value="Linux"/>
    <property name="java.vm.specification.version" value="17"/>
    <property name="sun.java.launcher" value="SUN_STANDARD"/>
    <property name="sun.boot.library.path" value="/usr/local/sdkman/candidates/java/17.0.8.1-ms/lib"/>
    <property name="sun.java.command" value="/workspaces/bnm_senang_kira/target/surefire/surefirebooter-20231113000023367_3.jar /workspaces/bnm_senang_kira/target/surefire 2023-11-13T00-00-23_237-jvmRun1 surefire-20231113000023367_1tmp surefire_0-20231113000023367_2tmp"/>
    <property name="jdk.debug" value="release"/>
    <property name="test" value="RoundingTest"/>
    <property name="surefire.test.class.path" value="/workspaces/bnm_senang_kira/target/test-classes:/workspaces/bnm_senang_kira/target/classes:/home/codespace/.m2/repository/junit/junit/4.13/junit-4.13.jar:/home/codespace/.m2/repository/org/hamcrest/hamcrest-core/1.3/hamcrest-core-1.3.jar:"/>
    <property name="sun.cpu.endian" value="little"/>
    <property name="user.home" value="/home/codespace"/>
    <property name="user.language" value="en"/>
    <property name="java.specification.vendor" value="Oracle Corporation"/>
    <property name="java.version.date" value="2023-08-24"/>
    <property name="java.home" value="/usr/local/sdkman/candidates/java/17.0.8.1-ms"/>
    <property name="file.separator" value="/"/>
    <property name="basedir" value="/workspaces/bnm_senang_kira"/>
    <property name="java.vm.compressedOopsMode" value="32-bit"/>
    <property name="line.separator" value="&#10;"/>
    <property name="java.vm.specification.vendor" value="Oracle Corporation"/>
    <property name="java.specification.name" value="Java Platform API Specification"/>
    <property name="surefire.real.class.path" value="/workspaces/bnm_senang_kira/target/surefire/surefirebooter-20231113000023367_3.jar"/>
    <property name="sun.management.compiler" value="HotSpot 64-Bit Tiered Compilers"/>
    <property name="java.runtime.version" value="17.0.8.1+1-LTS"/>
    <property name="user.name" value="codespace"/>
    <property name="path.separator" value=":"/>
    <property name="os.version" value="6.2.0-1015-azure"/>
    <property name="java.runtime.name" value="OpenJDK Runtime Environment"/>
    <property name="file.encoding" value="UTF-8"/>
    <property name="java.vm.name" value="OpenJDK 64-Bit Server VM"/>
    <property name="java.vendor.version" value="Microsoft-8297089"/>
    <property name="localRepository" value="/home/codespace/.m2/repository"/>
    <property name="java.vendor.url.bug" value="https://github.com/microsoft/openjdk/issues"/>
    <property name="java.io.tmpdir" value="/tmp"/>
    <property name="java.version" value="17.0.8.1"/>
    <property name="user.dir" value="/workspaces/bnm_senang_kira"/>
    <property name="os.arch" value="amd64"/>
    <property name="java.vm.specification.name" value="Java Virtual Machine Specification"/>
    <property name="native.encoding" value="UTF-8"/>
    <property name="java.library.path" value="/usr/java/packages/lib:/usr/lib64:/lib64:/lib:/usr/lib"/>
    <property name="java.vm.info" value="mixed mode, sharing"/>
    <property name="java.vendor" value="Microsoft"/>
    <property name="java.vm.version" value="17.0.8.1+1-LTS"/>
    <property name="sun.io.unicode.encoding" value="UnicodeLittle"/>
    <property name="java.class.version" value="61.0"/>
  </properties>
  <testcase name="defaultTest[No Rounding]" classname="tech.coderonin.bnm.senangkira.RoundingTest" time="0.023">
    <system-out><![CDATA[No Rounding	:	82.00	->	82.00
]]></system-out>
  </testcase>
  <testcase name="defaultTest[No Rounding]" classname="tech.coderonin.bnm.senangkira.RoundingTest" time="0.001">
    <system-out><![CDATA[No Rounding	:	82.05	->	82.05
]]></system-out>
  </testcase>
  <testcase name="defaultTest[Round Down 5]" classname="tech.coderonin.bnm.senangkira.RoundingTest" time="0.002">
    <system-out><![CDATA[Round Down 5	:	100.01	->	100.00
]]></system-out>
  </testcase>
  <testcase name="defaultTest[Round Down 5]" classname="tech.coderonin.bnm.senangkira.RoundingTest" time="0.0">
    <system-out><![CDATA[Round Down 5	:	1928.02	->	1928.00
]]></system-out>
  </testcase>
  <testcase name="defaultTest[Round Down 5]" classname="tech.coderonin.bnm.senangkira.RoundingTest" time="0.001">
    <system-out><![CDATA[Round Down 5	:	100.27	->	100.25
]]></system-out>
  </testcase>
  <testcase name="defaultTest[Round Down 5]" classname="tech.coderonin.bnm.senangkira.RoundingTest" time="0.001">
    <system-out><![CDATA[Round Down 5	:	1928.96	->	1928.95
]]></system-out>
  </testcase>
  <testcase name="defaultTest[Round Up 5]" classname="tech.coderonin.bnm.senangkira.RoundingTest" time="0.001">
    <system-out><![CDATA[Round Up 5	:	100.23	->	100.25
]]></system-out>
  </testcase>
  <testcase name="defaultTest[Round Up 5]" classname="tech.coderonin.bnm.senangkira.RoundingTest" time="0.001">
    <system-out><![CDATA[Round Up 5	:	1928.94	->	1928.95
]]></system-out>
  </testcase>
  <testcase name="defaultTest[Round Up 10]" classname="tech.coderonin.bnm.senangkira.RoundingTest" time="0.001">
    <system-out><![CDATA[Round Up 10	:	1928.98	->	1929.00
]]></system-out>
  </testcase>
  <testcase name="defaultTest[Round Up 10]" classname="tech.coderonin.bnm.senangkira.RoundingTest" time="0.001">
    <system-out><![CDATA[Round Up 10	:	1928.99	->	1929.00
]]></system-out>
  </testcase>
</testsuite>